app/build/intermediates/manifest_merge_blame_file/debug/manifest-merger-blame-debug-report.txt
1<?xml version="1.0" encoding="utf-8"?>
2<manifest xmlns:android="http://schemas.android.com/apk/res/android"
3    package="com.gigamole.quatrogradesample"
4    android:versionCode="1"
5    android:versionName="1.0" >
6
7    <uses-sdk
8        android:minSdkVersion="21"
8-->src/main/AndroidManifest.xml
9        android:targetSdkVersion="30" />
9-->src/main/AndroidManifest.xml
10
11    <application
11-->src/main/AndroidManifest.xml:6:5-33:19
12        android:allowBackup="false"
12-->src/main/AndroidManifest.xml:7:9-36
13        android:appComponentFactory="androidx.core.app.CoreComponentFactory"
13-->[androidx.core:core:1.6.0-alpha02] AndroidManifest.xml:24:18-86
14        android:debuggable="true"
15        android:icon="@mipmap/ic_launcher"
15-->src/main/AndroidManifest.xml:8:9-43
16        android:label="@string/app_name"
16-->src/main/AndroidManifest.xml:9:9-41
17        android:roundIcon="@mipmap/ic_launcher_round"
17-->src/main/AndroidManifest.xml:10:9-54
18        android:supportsRtl="true"
18-->src/main/AndroidManifest.xml:11:9-35
19        android:testOnly="true"
20        android:theme="@style/Theme.QuatroGrade" >
20-->src/main/AndroidManifest.xml:12:9-49
21        <activity
21-->src/main/AndroidManifest.xml:15:9-23:20
22            android:name="com.gigamole.quatrogradesample.MainActivity"
22-->src/main/AndroidManifest.xml:16:13-71
23            android:screenOrientation="portrait" >
23-->src/main/AndroidManifest.xml:17:13-49
24            <intent-filter>
24-->src/main/AndroidManifest.xml:18:13-22:29
25                <action android:name="android.intent.action.MAIN" />
25-->src/main/AndroidManifest.xml:19:17-69
25-->src/main/AndroidManifest.xml:19:25-66
26
27                <category android:name="android.intent.category.LAUNCHER" />
27-->src/main/AndroidManifest.xml:21:17-77
27-->src/main/AndroidManifest.xml:21:27-74
28            </intent-filter>
29        </activity>
30        <activity
30-->src/main/AndroidManifest.xml:24:9-26:52
31            android:name="com.gigamole.quatrogradesample.DefaultExampleActivity"
31-->src/main/AndroidManifest.xml:25:13-51
32            android:screenOrientation="portrait" />
32-->src/main/AndroidManifest.xml:26:13-49
33        <activity
33-->src/main/AndroidManifest.xml:27:9-29:52
34            android:name="com.gigamole.quatrogradesample.CustomExampleActivity"
34-->src/main/AndroidManifest.xml:28:13-50
35            android:screenOrientation="portrait" />
35-->src/main/AndroidManifest.xml:29:13-49
36        <activity
36-->src/main/AndroidManifest.xml:30:9-32:53
37            android:name="com.gigamole.quatrogradesample.AnimationExampleActivity"
37-->src/main/AndroidManifest.xml:31:13-53
38            android:screenOrientation="landscape" />
38-->src/main/AndroidManifest.xml:32:13-50
39    </application>
40
41</manifest>